Started GET "/" for ::1 at 2024-09-04 09:22:53 +0200
  [1m[35m (0.2ms)[0m  [1m[35mCREATE TABLE "schema_migrations" ("version" varchar NOT NULL PRIMARY KEY)[0m
  [1m[35m (0.1ms)[0m  [1m[35mCREATE TABLE "ar_internal_metadata" ("key" varchar NOT NULL PRIMARY KEY, "value" varchar, "created_at" datetime(6) NOT NULL, "updated_at" datetime(6) NOT NULL)[0m
  [1m[36mActiveRecord::SchemaMigration Load (0.1ms)[0m  [1m[34mSELECT "schema_migrations"."version" FROM "schema_migrations" ORDER BY "schema_migrations"."version" ASC[0m
Processing by Rails::WelcomeController#index as HTML
  Rendering /Users/alexandrepage/.rbenv/versions/3.1.2/lib/ruby/gems/3.1.0/gems/railties-7.1.4/lib/rails/templates/rails/welcome/index.html.erb
  Rendered /Users/alexandrepage/.rbenv/versions/3.1.2/lib/ruby/gems/3.1.0/gems/railties-7.1.4/lib/rails/templates/rails/welcome/index.html.erb (Duration: 0.3ms | Allocations: 385)
Completed 200 OK in 14ms (Views: 3.8ms | ActiveRecord: 0.0ms | Allocations: 7360)


  [1m[36mActiveRecord::InternalMetadata Load (0.1ms)[0m  [1m[34mSELECT * FROM "ar_internal_metadata" WHERE "ar_internal_metadata"."key" = ? ORDER BY "ar_internal_metadata"."key" ASC LIMIT 1[0m  [[nil, "environment"]]
  [1m[36mActiveRecord::InternalMetadata Create (0.2ms)[0m  [1m[32mINSERT INTO "ar_internal_metadata" ("key", "value", "created_at", "updated_at") VALUES ('environment', 'development', '2024-09-04 07:34:43.149889', '2024-09-04 07:34:43.149892') RETURNING "key"[0m
  [1m[36mActiveRecord::SchemaMigration Load (0.0ms)[0m  [1m[34mSELECT "schema_migrations"."version" FROM "schema_migrations" ORDER BY "schema_migrations"."version" ASC[0m
Migrating to CreateArticles (20240904073343)
  [1m[36mActiveRecord::InternalMetadata Load (0.0ms)[0m  [1m[34mSELECT * FROM "ar_internal_metadata" WHERE "ar_internal_metadata"."key" = ? ORDER BY "ar_internal_metadata"."key" ASC LIMIT 1[0m  [[nil, "environment"]]
  [1m[36mActiveRecord::SchemaMigration Load (0.0ms)[0m  [1m[34mSELECT "schema_migrations"."version" FROM "schema_migrations" ORDER BY "schema_migrations"."version" ASC[0m
Migrating to CreateArticles (20240904073343)
  [1m[36mActiveRecord::InternalMetadata Load (0.0ms)[0m  [1m[34mSELECT * FROM "ar_internal_metadata" WHERE "ar_internal_metadata"."key" = ? ORDER BY "ar_internal_metadata"."key" ASC LIMIT 1[0m  [[nil, "environment"]]
  [1m[36mActiveRecord::SchemaMigration Load (0.0ms)[0m  [1m[34mSELECT "schema_migrations"."version" FROM "schema_migrations" ORDER BY "schema_migrations"."version" ASC[0m
Migrating to CreateArticles (20240904073343)
  [1m[36mActiveRecord::InternalMetadata Load (0.0ms)[0m  [1m[34mSELECT * FROM "ar_internal_metadata" WHERE "ar_internal_metadata"."key" = ? ORDER BY "ar_internal_metadata"."key" ASC LIMIT 1[0m  [[nil, "environment"]]
  [1m[36mActiveRecord::SchemaMigration Load (0.0ms)[0m  [1m[34mSELECT "schema_migrations"."version" FROM "schema_migrations" ORDER BY "schema_migrations"."version" ASC[0m
Migrating to CreateArticles (20240904073343)
  [1m[36mActiveRecord::InternalMetadata Load (0.1ms)[0m  [1m[34mSELECT * FROM "ar_internal_metadata" WHERE "ar_internal_metadata"."key" = ? ORDER BY "ar_internal_metadata"."key" ASC LIMIT 1[0m  [[nil, "environment"]]
  [1m[36mActiveRecord::SchemaMigration Load (0.0ms)[0m  [1m[34mSELECT "schema_migrations"."version" FROM "schema_migrations" ORDER BY "schema_migrations"."version" ASC[0m
Migrating to CreateArticles (20240904073343)
  [1m[36mTRANSACTION (0.0ms)[0m  [1m[36mbegin transaction[0m
  [1m[35m (1.1ms)[0m  [1m[35mCREATE TABLE "articles" ("id" integer PRIMARY KEY AUTOINCREMENT NOT NULL, "title" varchar, "body" text, "created_at" datetime(6) NOT NULL, "updated_at" datetime(6) NOT NULL)[0m
  [1m[36mActiveRecord::SchemaMigration Create (0.3ms)[0m  [1m[32mINSERT INTO "schema_migrations" ("version") VALUES ('20240904073343') RETURNING "version"[0m
  [1m[36mTRANSACTION (0.1ms)[0m  [1m[36mcommit transaction[0m
  [1m[36mActiveRecord::SchemaMigration Load (0.0ms)[0m  [1m[34mSELECT "schema_migrations"."version" FROM "schema_migrations" ORDER BY "schema_migrations"."version" ASC[0m
Started GET "/articles" for ::1 at 2024-09-04 09:40:24 +0200
  [1m[36mActiveRecord::SchemaMigration Load (0.1ms)[0m  [1m[34mSELECT "schema_migrations"."version" FROM "schema_migrations" ORDER BY "schema_migrations"."version" ASC[0m
  
SyntaxError (/Users/alexandrepage/Code/blog/app/controllers/articles_controller.rb:5: syntax error, unexpected end-of-input, expecting `end'):
  
app/controllers/articles_controller.rb:5: syntax error, unexpected end-of-input, expecting `end'
Started GET "/favicon.ico" for ::1 at 2024-09-04 09:40:24 +0200
  
ActionController::RoutingError (No route matches [GET] "/favicon.ico"):
  
Started GET "/articles" for ::1 at 2024-09-04 09:40:33 +0200
Processing by ArticlesController#index as HTML
  [1m[36mArticle Load (0.1ms)[0m  [1m[34mSELECT "articles".* FROM "articles"[0m
  ↳ app/controllers/articles_controller.rb:4:in `index'
Completed 200 OK in 22ms (Views: 0.5ms | ActiveRecord: 1.2ms | Allocations: 9871)


Started GET "/articles" for ::1 at 2024-09-04 09:40:43 +0200
Processing by ArticlesController#index as HTML
  [1m[36mArticle Load (0.1ms)[0m  [1m[34mSELECT "articles".* FROM "articles"[0m
  ↳ app/controllers/articles_controller.rb:4:in `index'
Completed 200 OK in 2ms (Views: 1.6ms | ActiveRecord: 0.1ms | Allocations: 722)


Started GET "/articles" for ::1 at 2024-09-04 09:40:43 +0200
Processing by ArticlesController#index as HTML
  [1m[36mArticle Load (0.1ms)[0m  [1m[34mSELECT "articles".* FROM "articles"[0m
  ↳ app/controllers/articles_controller.rb:4:in `index'
Completed 200 OK in 2ms (Views: 1.5ms | ActiveRecord: 0.1ms | Allocations: 699)


Started GET "/articles" for ::1 at 2024-09-04 09:40:43 +0200
Processing by ArticlesController#index as HTML
  [1m[36mArticle Load (0.1ms)[0m  [1m[34mSELECT "articles".* FROM "articles"[0m
  ↳ app/controllers/articles_controller.rb:4:in `index'
Completed 200 OK in 2ms (Views: 1.8ms | ActiveRecord: 0.1ms | Allocations: 687)


Started GET "/articles" for ::1 at 2024-09-04 09:40:43 +0200
Processing by ArticlesController#index as HTML
  [1m[36mArticle Load (0.1ms)[0m  [1m[34mSELECT "articles".* FROM "articles"[0m
  ↳ app/controllers/articles_controller.rb:4:in `index'
Completed 200 OK in 2ms (Views: 1.7ms | ActiveRecord: 0.1ms | Allocations: 687)


Started GET "/articles" for ::1 at 2024-09-04 09:40:44 +0200
Processing by ArticlesController#index as HTML
  [1m[36mArticle Load (0.1ms)[0m  [1m[34mSELECT "articles".* FROM "articles"[0m
  ↳ app/controllers/articles_controller.rb:4:in `index'
Completed 200 OK in 2ms (Views: 2.0ms | ActiveRecord: 0.1ms | Allocations: 687)


Started POST "/articles?title=my_title&body=my_body" for 127.0.0.1 at 2024-09-04 09:46:07 +0200
  [1m[36mActiveRecord::SchemaMigration Load (0.1ms)[0m  [1m[34mSELECT "schema_migrations"."version" FROM "schema_migrations" ORDER BY "schema_migrations"."version" ASC[0m
Processing by ArticlesController#create as */*
  Parameters: {"title"=>"my_title", "body"=>"my_body"}
Completed 500 Internal Server Error in 12ms (ActiveRecord: 0.0ms | Allocations: 9131)


  
NameError (undefined local variable or method `article_params' for #<ArticlesController:0x00000000008a70>

    	@article = Article.build(article_params)
    	                         ^^^^^^^^^^^^^^
Did you mean?  article_path):
  
app/controllers/articles_controller.rb:8:in `create'
Started POST "/articles?title=my_title&body=my_body" for 127.0.0.1 at 2024-09-04 09:47:06 +0200
Processing by ArticlesController#create as */*
  Parameters: {"title"=>"my_title", "body"=>"my_body"}
Completed 500 Internal Server Error in 5ms (ActiveRecord: 0.0ms | Allocations: 2854)


  
NameError (undefined local variable or method `article_params' for #<ArticlesController:0x0000000000bfb8>

    	@article = Article.build(article_params)
    	                         ^^^^^^^^^^^^^^
Did you mean?  article_path):
  
app/controllers/articles_controller.rb:8:in `create'
Started POST "/articles?title=my_title&body=my_body" for 127.0.0.1 at 2024-09-04 09:47:23 +0200
Processing by ArticlesController#create as */*
  Parameters: {"title"=>"my_title", "body"=>"my_body"}
Completed 400 Bad Request in 1ms (ActiveRecord: 0.0ms | Allocations: 765)


  
ActionController::ParameterMissing (param is missing or the value is empty: article):
  
app/controllers/articles_controller.rb:18:in `article_params'
app/controllers/articles_controller.rb:8:in `create'
Started POST "/articles?title=my_title&body=my_body" for 127.0.0.1 at 2024-09-04 09:48:37 +0200
Processing by ArticlesController#create as */*
  Parameters: {"title"=>"my_title", "body"=>"my_body"}
Completed 400 Bad Request in 0ms (ActiveRecord: 0.0ms | Allocations: 168)


  
ActionController::ParameterMissing (param is missing or the value is empty: article):
  
app/controllers/articles_controller.rb:18:in `article_params'
app/controllers/articles_controller.rb:8:in `create'
Started POST "/articles?title=my_title&body=my_body" for 127.0.0.1 at 2024-09-04 09:50:11 +0200
Processing by ArticlesController#create as */*
  Parameters: {"title"=>"my_title", "body"=>"my_body"}
  [1m[36mTRANSACTION (0.0ms)[0m  [1m[36mbegin transaction[0m
  ↳ app/controllers/articles_controller.rb:10:in `create'
  [1m[36mArticle Create (1.7ms)[0m  [1m[32mINSERT INTO "articles" ("title", "body", "created_at", "updated_at") VALUES (?, ?, ?, ?) RETURNING "id"[0m  [["title", "my_title"], ["body", "my_body"], ["created_at", "2024-09-04 07:50:11.681903"], ["updated_at", "2024-09-04 07:50:11.681903"]]
  ↳ app/controllers/articles_controller.rb:10:in `create'
  [1m[36mTRANSACTION (0.2ms)[0m  [1m[36mcommit transaction[0m
  ↳ app/controllers/articles_controller.rb:10:in `create'
Completed 201 Created in 11ms (Views: 0.2ms | ActiveRecord: 3.1ms | Allocations: 10105)


Started GET "/articles" for ::1 at 2024-09-04 09:50:22 +0200
Processing by ArticlesController#index as HTML
  [1m[36mArticle Load (0.3ms)[0m  [1m[34mSELECT "articles".* FROM "articles"[0m
  ↳ app/controllers/articles_controller.rb:4:in `index'
Completed 200 OK in 11ms (Views: 2.8ms | ActiveRecord: 0.3ms | Allocations: 2312)


